<?xml version="1.0" encoding="UTF-8"?>
<!-- Generated by org.testng.reporters.JUnitReportReporter -->
<testsuite skipped="0" hostname="ADMINRG-MKE61HL" name="Academy.HomePage" tests="2" failures="0" timestamp="31 Aug 2020 15:49:16 GMT" time="99.605" errors="0">
  <testcase name="basePageNavigation" time="18.783" classname="Academy.HomePage"/>
  <testcase name="basePageNavigation" time="80.822" classname="Academy.HomePage"/>
</testsuite> <!-- Academy.HomePage -->
